INFO:     Will watch for changes in these directories: ['D:\\PROJELER\\SteamAnalysisTool']
INFO:     Uvicorn running on http://0.0.0.0:8000 (Press CTRL+C to quit)
INFO:     Started reloader process [18700] using WatchFiles
INFO:data_collection.clients.steam_client:SteamAPIClient initialized
INFO:data_collection.clients.steamspy_client:SteamSpyClient initialized
INFO:data_collection.pipeline:GameOraclePipeline initialized
INFO:     Started server process [28732]
INFO:     Waiting for application startup.
INFO:     Application startup complete.
INFO:     127.0.0.1:19263 - "GET /health HTTP/1.1" 200 OK
INFO:backend.main:Searching for game: Counter-Strike 2
INFO:data_collection.clients.steam_client:Searching for game: Counter-Strike 2
INFO:data_collection.clients.steam_client:Found game 'Counter-Strike 2' with app_id: 730
INFO:backend.main:Found game with app_id: 730
INFO:data_collection.clients.steam_client:Fetching game details for app_id: 730
INFO:data_collection.clients.steam_client:Successfully parsed game details for: Counter-Strike 2
INFO:     127.0.0.1:19266 - "POST /api/games/search HTTP/1.1" 200 OK
INFO:backend.main:Collecting data for game: Portal 2
INFO:data_collection.pipeline:Processing single game: Portal 2
INFO:data_collection.clients.steam_client:Searching for game: Portal 2
INFO:data_collection.clients.steam_client:Found game 'Portal 2' with app_id: 620
INFO:data_collection.clients.steam_client:Fetching game details for app_id: 620
INFO:data_collection.clients.steam_client:Successfully parsed game details for: Portal 2
INFO:data_collection.clients.steamspy_client:Fetching SteamSpy data for app_id: 620
INFO:data_collection.clients.steamspy_client:Successfully parsed SteamSpy data for: Portal 2
INFO:data_collection.clients.steam_client:Fetching reviews for app_id: 620 (max: 50)
INFO:data_collection.clients.steam_client:Fetched 50 reviews for app_id: 620
INFO:data_collection.pipeline:Fetched 50 reviews for: Portal 2
INFO:data_collection.processors.data_processor:Building reviews DataFrame for Portal 2 (50 reviews)
INFO:data_collection.processors.data_processor:Created DataFrame with 46 rows for Portal 2
INFO:data_collection.processors.data_processor:Building summary DataFrame for: Portal 2
INFO:backend.main:Successfully collected 46 reviews (95.7% positive) for Portal 2
INFO:     127.0.0.1:19269 - "POST /api/games/collect HTTP/1.1" 200 OK
INFO:     127.0.0.1:19275 - "GET /api/info HTTP/1.1" 200 OK
INFO:backend.main:Batch collecting data for 2 games
INFO:data_collection.pipeline:Starting pipeline for 2 games
INFO:data_collection.pipeline:Processing game: Half-Life 2
INFO:data_collection.pipeline:Processing single game: Half-Life 2
INFO:data_collection.clients.steam_client:Searching for game: Half-Life 2
INFO:data_collection.clients.steam_client:Found game 'Half-Life 2' with app_id: 320
INFO:data_collection.clients.steam_client:Fetching game details for app_id: 320
INFO:data_collection.clients.steam_client:Successfully parsed game details for: Half-Life 2: Deathmatch
INFO:data_collection.clients.steamspy_client:Fetching SteamSpy data for app_id: 320
INFO:data_collection.clients.steamspy_client:Successfully parsed SteamSpy data for: Half-Life 2: Deathmatch
INFO:data_collection.clients.steam_client:Fetching reviews for app_id: 320 (max: 50)
INFO:data_collection.clients.steam_client:Fetched 50 reviews for app_id: 320
INFO:data_collection.pipeline:Fetched 50 reviews for: Half-Life 2
INFO:data_collection.processors.data_processor:Building reviews DataFrame for Half-Life 2: Deathmatch (50 reviews)
INFO:data_collection.processors.data_processor:Created DataFrame with 46 rows for Half-Life 2: Deathmatch
INFO:data_collection.processors.data_processor:Building summary DataFrame for: Half-Life 2: Deathmatch
INFO:data_collection.pipeline:Processing game: Dota 2
INFO:data_collection.pipeline:Processing single game: Dota 2
INFO:data_collection.clients.steam_client:Searching for game: Dota 2
INFO:data_collection.clients.steam_client:Found game 'Dota 2' with app_id: 570
INFO:data_collection.clients.steam_client:Fetching game details for app_id: 570
INFO:data_collection.clients.steam_client:Successfully parsed game details for: Dota 2
INFO:data_collection.clients.steamspy_client:Fetching SteamSpy data for app_id: 570
INFO:data_collection.clients.steamspy_client:Successfully parsed SteamSpy data for: Dota 2
INFO:data_collection.clients.steam_client:Fetching reviews for app_id: 570 (max: 50)
INFO:data_collection.clients.steam_client:Fetched 50 reviews for app_id: 570
INFO:data_collection.pipeline:Fetched 50 reviews for: Dota 2
INFO:data_collection.processors.data_processor:Building reviews DataFrame for Dota 2 (50 reviews)
INFO:data_collection.processors.data_processor:Created DataFrame with 49 rows for Dota 2
INFO:data_collection.processors.data_processor:Building summary DataFrame for: Dota 2
INFO:data_collection.processors.data_processor:Combined 2 DataFrames into 95 total rows
INFO:data_collection.pipeline:Pipeline complete. Processed 2 games
INFO:data_collection.processors.data_processor:DataFrame validation passed: 95 rows
INFO:backend.main:Batch complete: 2 games, 95 reviews (74.7% positive)
INFO:     127.0.0.1:19282 - "POST /api/games/collect-batch HTTP/1.1" 200 OK
